An error occurred while executing the following cell:
------------------
from typing import Sequence

try:
    import distrax
except ModuleNotFoundError:
    %pip install -qq distrax
    import distrax
try:
    import haiku as hk
except ModuleNotFoundError:
    %pip install -qq haiku
    import haiku as hk
import jax
import jax.numpy as jnp
import matplotlib.pyplot as plt

try:
    import optax
except ModuleNotFoundError:
    %pip install -qq optax
    import optax

Array = jnp.ndarray
PRNGKey = Array

prng = hk.PRNGSequence(42)
------------------

---------------------------------------------------------------------------
ModuleNotFoundError                       Traceback (most recent call last)
/tmp/ipykernel_4916/3030563672.py in <module>
      8 try:
----> 9     import haiku as hk
     10 except ModuleNotFoundError:

ModuleNotFoundError: No module named 'haiku'

During handling of the above exception, another exception occurred:

ModuleNotFoundError                       Traceback (most recent call last)
/tmp/ipykernel_4916/3030563672.py in <module>
     10 except ModuleNotFoundError:
     11     get_ipython().run_line_magic('pip', 'install -qq haiku')
---> 12     import haiku as hk
     13 import jax
     14 import jax.numpy as jnp

ModuleNotFoundError: No module named 'haiku'
ModuleNotFoundError: No module named 'haiku'
